<?xml version="1.0" encoding="UTF-8"?>
<testng-results ignored="0" total="8" passed="8" failed="0" skipped="0">
  <reporter-output>
  </reporter-output>
  <suite started-at="2022-01-31T17:51:13 IST" name="Suite" finished-at="2022-01-31T17:51:13 IST" duration-ms="67">
    <groups>
      <group name="regressionTest">
        <method signature="CreateNewAccountTest.createAccountWithNoBalanceTest()[pri:0, instance:CreateAccountTest.CreateNewAccountTest@140c9f39]" name="createAccountWithNoBalanceTest" class="CreateAccountTest.CreateNewAccountTest"/>
        <method signature="DeleteAccountTest.DeleteAccountTest()[pri:0, instance:CreateAccountTest.DeleteAccountTest@4d910fd6]" name="DeleteAccountTest" class="CreateAccountTest.DeleteAccountTest"/>
        <method signature="RenameAccountTest.RenameMyAccount()[pri:0, instance:CreateAccountTest.RenameAccountTest@26275bef]" name="RenameMyAccount" class="CreateAccountTest.RenameAccountTest"/>
        <method signature="UpdateAccountTest.updateAccount()[pri:0, instance:CreateAccountTest.UpdateAccountTest@7690781]" name="updateAccount" class="CreateAccountTest.UpdateAccountTest"/>
      </group> <!-- regressionTest -->
      <group name="smokeTest">
        <method signature="CreateNewAccountTest.createAccountTest()[pri:0, instance:CreateAccountTest.CreateNewAccountTest@140c9f39]" name="createAccountTest" class="CreateAccountTest.CreateNewAccountTest"/>
        <method signature="DeleteAccountTest.DeleteAccountforTest()[pri:0, instance:CreateAccountTest.DeleteAccountTest@4d910fd6]" name="DeleteAccountforTest" class="CreateAccountTest.DeleteAccountTest"/>
        <method signature="RenameAccountTest.RenameAccount()[pri:0, instance:CreateAccountTest.RenameAccountTest@26275bef]" name="RenameAccount" class="CreateAccountTest.RenameAccountTest"/>
        <method signature="UpdateAccountTest.updateMyAccount()[pri:0, instance:CreateAccountTest.UpdateAccountTest@7690781]" name="updateMyAccount" class="CreateAccountTest.UpdateAccountTest"/>
      </group> <!-- smokeTest -->
    </groups>
    <test started-at="2022-01-31T17:51:13 IST" name="Test" finished-at="2022-01-31T17:51:13 IST" duration-ms="67">
      <class name="CreateAccountTest.UpdateAccountTest">
        <test-method signature="updateAccount()[pri:0, instance:CreateAccountTest.UpdateAccountTest@7690781]" started-at="2022-01-31T17:51:13 IST" name="updateAccount" finished-at="2022-01-31T17:51:13 IST" duration-ms="2" status="PASS">
          <reporter-output>
          </reporter-output>
        </test-method> <!-- updateAccount -->
        <test-method signature="updateMyAccount()[pri:0, instance:CreateAccountTest.UpdateAccountTest@7690781]" started-at="2022-01-31T17:51:13 IST" name="updateMyAccount" finished-at="2022-01-31T17:51:13 IST" duration-ms="0" status="PASS">
          <reporter-output>
          </reporter-output>
        </test-method> <!-- updateMyAccount -->
      </class> <!-- CreateAccountTest.UpdateAccountTest -->
      <class name="CreateAccountTest.RenameAccountTest">
        <test-method signature="RenameAccount()[pri:0, instance:CreateAccountTest.RenameAccountTest@26275bef]" started-at="2022-01-31T17:51:13 IST" name="RenameAccount" finished-at="2022-01-31T17:51:13 IST" duration-ms="1" status="PASS">
          <reporter-output>
          </reporter-output>
        </test-method> <!-- RenameAccount -->
        <test-method signature="RenameMyAccount()[pri:0, instance:CreateAccountTest.RenameAccountTest@26275bef]" started-at="2022-01-31T17:51:13 IST" name="RenameMyAccount" finished-at="2022-01-31T17:51:13 IST" duration-ms="1" status="PASS">
          <reporter-output>
          </reporter-output>
        </test-method> <!-- RenameMyAccount -->
      </class> <!-- CreateAccountTest.RenameAccountTest -->
      <class name="CreateAccountTest.DeleteAccountTest">
        <test-method signature="DeleteAccountTest()[pri:0, instance:CreateAccountTest.DeleteAccountTest@4d910fd6]" started-at="2022-01-31T17:51:13 IST" name="DeleteAccountTest" finished-at="2022-01-31T17:51:13 IST" duration-ms="2" status="PASS">
          <reporter-output>
          </reporter-output>
        </test-method> <!-- DeleteAccountTest -->
        <test-method signature="DeleteAccountforTest()[pri:0, instance:CreateAccountTest.DeleteAccountTest@4d910fd6]" started-at="2022-01-31T17:51:13 IST" name="DeleteAccountforTest" finished-at="2022-01-31T17:51:13 IST" duration-ms="2" status="PASS">
          <reporter-output>
          </reporter-output>
        </test-method> <!-- DeleteAccountforTest -->
      </class> <!-- CreateAccountTest.DeleteAccountTest -->
      <class name="CreateAccountTest.CreateNewAccountTest">
        <test-method signature="createAccountTest()[pri:0, instance:CreateAccountTest.CreateNewAccountTest@140c9f39]" started-at="2022-01-31T17:51:13 IST" name="createAccountTest" finished-at="2022-01-31T17:51:13 IST" duration-ms="11" status="PASS">
          <reporter-output>
          </reporter-output>
        </test-method> <!-- createAccountTest -->
        <test-method signature="createAccountWithNoBalanceTest()[pri:0, instance:CreateAccountTest.CreateNewAccountTest@140c9f39]" started-at="2022-01-31T17:51:13 IST" name="createAccountWithNoBalanceTest" finished-at="2022-01-31T17:51:13 IST" duration-ms="1" status="PASS">
          <reporter-output>
          </reporter-output>
        </test-method> <!-- createAccountWithNoBalanceTest -->
      </class> <!-- CreateAccountTest.CreateNewAccountTest -->
    </test> <!-- Test -->
  </suite> <!-- Suite -->
</testng-results>
