<?xml version="1.0" encoding="UTF-8"?>
<!-- Generated by org.testng.reporters.JUnitXMLReporter -->
<testsuite ignored="0" hostname="LAPTOP-3ML7PH3M" failures="0" tests="2" name="Default test" time="0.048" errors="0" timestamp="2022-01-31T17:22:01 IST">
  <testcase classname="CreateAccountTest.CreateNewAccountTest" name="createAccountTest" time="0.008"/>
  <testcase classname="CreateAccountTest.CreateNewAccountTest" name="createAccountWithNoBalanceTest" time="0.001"/>
</testsuite> <!-- Default test -->
