<?xml version="1.0" encoding="UTF-8"?>
<!-- Generated by org.testng.reporters.JUnitXMLReporter -->
<testsuite ignored="0" hostname="LAPTOP-3ML7PH3M" failures="0" tests="8" name="Test" time="0.067" errors="0" timestamp="2022-01-31T17:51:13 IST">
  <testcase classname="CreateAccountTest.CreateNewAccountTest" name="createAccountTest" time="0.011"/>
  <testcase classname="CreateAccountTest.CreateNewAccountTest" name="createAccountWithNoBalanceTest" time="0.001"/>
  <testcase classname="CreateAccountTest.DeleteAccountTest" name="DeleteAccountTest" time="0.002"/>
  <testcase classname="CreateAccountTest.DeleteAccountTest" name="DeleteAccountforTest" time="0.002"/>
  <testcase classname="CreateAccountTest.RenameAccountTest" name="RenameAccount" time="0.001"/>
  <testcase classname="CreateAccountTest.RenameAccountTest" name="RenameMyAccount" time="0.001"/>
  <testcase classname="CreateAccountTest.UpdateAccountTest" name="updateAccount" time="0.002"/>
  <testcase classname="CreateAccountTest.UpdateAccountTest" name="updateMyAccount" time="0.0"/>
</testsuite> <!-- Test -->
